  main.cpp
c:\users\sgal\documents\5th year\cs7gv5 - real-time animation\assignments\assignment 2\lab 04 - sample object hierarchy\lab04\main.cpp(76): warning C4244: 'initializing': conversion from 'double' to 'int', possible loss of data
c:\users\sgal\documents\5th year\cs7gv5 - real-time animation\assignments\assignment 2\lab 04 - sample object hierarchy\lab04\main.cpp(77): warning C4244: 'initializing': conversion from 'double' to 'int', possible loss of data
c:\users\sgal\documents\5th year\cs7gv5 - real-time animation\assignments\assignment 2\lab 04 - sample object hierarchy\lab04\main.cpp(261): warning C4018: '<': signed/unsigned mismatch
c:\users\sgal\documents\5th year\cs7gv5 - real-time animation\assignments\assignment 2\lab 04 - sample object hierarchy\lab04\main.cpp(301): warning C4244: '=': conversion from 'int' to 'float', possible loss of data
c:\users\sgal\documents\5th year\cs7gv5 - real-time animation\assignments\assignment 2\lab 04 - sample object hierarchy\lab04\main.cpp(302): warning C4244: '=': conversion from 'int' to 'float', possible loss of data
c:\users\sgal\documents\5th year\cs7gv5 - real-time animation\assignments\assignment 2\lab 04 - sample object hierarchy\lab04\main.cpp(560): warning C4305: '=': truncation from 'double' to 'T'
          with
          [
              T=float
          ]
c:\users\sgal\documents\5th year\cs7gv5 - real-time animation\assignments\assignment 2\lab 04 - sample object hierarchy\lab04\main.cpp(568): warning C4305: '=': truncation from 'double' to 'T'
          with
          [
              T=float
          ]
c:\users\sgal\documents\5th year\cs7gv5 - real-time animation\assignments\assignment 2\lab 04 - sample object hierarchy\lab04\main.cpp(609): warning C4244: 'argument': conversion from 'T' to 'int', possible loss of data
          with
          [
              T=float
          ]
  Lab04.vcxproj -> C:\Users\sgal\Documents\5th Year\CS7GV5 - Real-Time Animation\Assignments\Assignment 2\Lab 04 - Sample Object Hierarchy\\build\executables\Debug\Lab 04.exe
